                                      1 ;--------------------------------------------------------
                                      2 ; File Created by SDCC : free open source ANSI-C Compiler
                                      3 ; Version 3.9.1 #11292 (Linux)
                                      4 ;--------------------------------------------------------
                                      5 	.module i2c
                                      6 	.optsdcc -mstm8
                                      7 	
                                      8 ;--------------------------------------------------------
                                      9 ; Public variables in this module
                                     10 ;--------------------------------------------------------
                                     11 	.globl _i2c_init
                                     12 	.globl _i2c_start
                                     13 	.globl _i2c_stop
                                     14 	.globl _i2c_write
                                     15 	.globl _i2c_write_addr
                                     16 	.globl _i2c_read
                                     17 	.globl _i2c_read_arr
                                     18 ;--------------------------------------------------------
                                     19 ; ram data
                                     20 ;--------------------------------------------------------
                                     21 	.area DATA
                                     22 ;--------------------------------------------------------
                                     23 ; ram data
                                     24 ;--------------------------------------------------------
                                     25 	.area INITIALIZED
                                     26 ;--------------------------------------------------------
                                     27 ; absolute external ram data
                                     28 ;--------------------------------------------------------
                                     29 	.area DABS (ABS)
                                     30 
                                     31 ; default segment ordering for linker
                                     32 	.area HOME
                                     33 	.area GSINIT
                                     34 	.area GSFINAL
                                     35 	.area CONST
                                     36 	.area INITIALIZER
                                     37 	.area CODE
                                     38 
                                     39 ;--------------------------------------------------------
                                     40 ; global & static initialisations
                                     41 ;--------------------------------------------------------
                                     42 	.area HOME
                                     43 	.area GSINIT
                                     44 	.area GSFINAL
                                     45 	.area GSINIT
                                     46 ;--------------------------------------------------------
                                     47 ; Home
                                     48 ;--------------------------------------------------------
                                     49 	.area HOME
                                     50 	.area HOME
                                     51 ;--------------------------------------------------------
                                     52 ; code
                                     53 ;--------------------------------------------------------
                                     54 	.area CODE
                                     55 ;	../../lib/i2c.c: 4: void i2c_init() {
                                     56 ;	-----------------------------------------
                                     57 ;	 function i2c_init
                                     58 ;	-----------------------------------------
      000000                         59 _i2c_init:
                                     60 ;	../../lib/i2c.c: 5: I2C_FREQR = (1 << I2C_FREQR_FREQ1);
      000000 35 02 52 12      [ 1]   61 	mov	0x5212+0, #0x02
                                     62 ;	../../lib/i2c.c: 6: I2C_CCRL = 0x0A; // 100kHz
      000004 35 0A 52 1B      [ 1]   63 	mov	0x521b+0, #0x0a
                                     64 ;	../../lib/i2c.c: 7: I2C_OARH = (1 << I2C_OARH_ADDMODE); // 7-bit addressing
      000008 35 80 52 14      [ 1]   65 	mov	0x5214+0, #0x80
                                     66 ;	../../lib/i2c.c: 8: I2C_CR1 = (1 << I2C_CR1_PE);
      00000C 35 01 52 10      [ 1]   67 	mov	0x5210+0, #0x01
                                     68 ;	../../lib/i2c.c: 9: }
      000010 81               [ 4]   69 	ret
                                     70 ;	../../lib/i2c.c: 11: void i2c_start() {
                                     71 ;	-----------------------------------------
                                     72 ;	 function i2c_start
                                     73 ;	-----------------------------------------
      000011                         74 _i2c_start:
                                     75 ;	../../lib/i2c.c: 12: I2C_CR2 |= (1 << I2C_CR2_START);
      000011 72 10 52 11      [ 1]   76 	bset	21009, #0
                                     77 ;	../../lib/i2c.c: 13: while (!(I2C_SR1 & (1 << I2C_SR1_SB)));
      000015                         78 00101$:
      000015 C6 52 17         [ 1]   79 	ld	a, 0x5217
      000018 44               [ 1]   80 	srl	a
      000019 24 FA            [ 1]   81 	jrnc	00101$
                                     82 ;	../../lib/i2c.c: 14: }
      00001B 81               [ 4]   83 	ret
                                     84 ;	../../lib/i2c.c: 16: void i2c_stop() {
                                     85 ;	-----------------------------------------
                                     86 ;	 function i2c_stop
                                     87 ;	-----------------------------------------
      00001C                         88 _i2c_stop:
                                     89 ;	../../lib/i2c.c: 17: I2C_CR2 |= (1 << I2C_CR2_STOP);
      00001C 72 12 52 11      [ 1]   90 	bset	21009, #1
                                     91 ;	../../lib/i2c.c: 18: while (I2C_SR3 & (1 << I2C_SR3_MSL));
      000020                         92 00101$:
      000020 C6 52 19         [ 1]   93 	ld	a, 0x5219
      000023 44               [ 1]   94 	srl	a
      000024 25 FA            [ 1]   95 	jrc	00101$
                                     96 ;	../../lib/i2c.c: 19: }
      000026 81               [ 4]   97 	ret
                                     98 ;	../../lib/i2c.c: 21: void i2c_write(uint8_t data) {
                                     99 ;	-----------------------------------------
                                    100 ;	 function i2c_write
                                    101 ;	-----------------------------------------
      000027                        102 _i2c_write:
                                    103 ;	../../lib/i2c.c: 22: I2C_DR = data;
      000027 AE 52 16         [ 2]  104 	ldw	x, #0x5216
      00002A 7B 03            [ 1]  105 	ld	a, (0x03, sp)
      00002C F7               [ 1]  106 	ld	(x), a
                                    107 ;	../../lib/i2c.c: 23: while (!(I2C_SR1 & (1 << I2C_SR1_TXE)));
      00002D                        108 00101$:
      00002D C6 52 17         [ 1]  109 	ld	a, 0x5217
      000030 2A FB            [ 1]  110 	jrpl	00101$
                                    111 ;	../../lib/i2c.c: 24: }
      000032 81               [ 4]  112 	ret
                                    113 ;	../../lib/i2c.c: 26: void i2c_write_addr(uint8_t addr) {
                                    114 ;	-----------------------------------------
                                    115 ;	 function i2c_write_addr
                                    116 ;	-----------------------------------------
      000033                        117 _i2c_write_addr:
                                    118 ;	../../lib/i2c.c: 27: I2C_DR = addr;
      000033 AE 52 16         [ 2]  119 	ldw	x, #0x5216
      000036 7B 03            [ 1]  120 	ld	a, (0x03, sp)
      000038 F7               [ 1]  121 	ld	(x), a
                                    122 ;	../../lib/i2c.c: 28: while (!(I2C_SR1 & (1 << I2C_SR1_ADDR)));
      000039                        123 00101$:
      000039 C6 52 17         [ 1]  124 	ld	a, 0x5217
      00003C A5 02            [ 1]  125 	bcp	a, #0x02
      00003E 27 F9            [ 1]  126 	jreq	00101$
                                    127 ;	../../lib/i2c.c: 29: (void) I2C_SR3; // check BUS_BUSY
      000040 C6 52 19         [ 1]  128 	ld	a, 0x5219
                                    129 ;	../../lib/i2c.c: 30: I2C_CR2 |= (1 << I2C_CR2_ACK);
      000043 72 14 52 11      [ 1]  130 	bset	21009, #2
                                    131 ;	../../lib/i2c.c: 31: }
      000047 81               [ 4]  132 	ret
                                    133 ;	../../lib/i2c.c: 33: uint8_t i2c_read() {
                                    134 ;	-----------------------------------------
                                    135 ;	 function i2c_read
                                    136 ;	-----------------------------------------
      000048                        137 _i2c_read:
                                    138 ;	../../lib/i2c.c: 34: I2C_CR2 &= ~(1 << I2C_CR2_ACK);
      000048 72 15 52 11      [ 1]  139 	bres	21009, #2
                                    140 ;	../../lib/i2c.c: 35: i2c_stop();
      00004C CDr00r1C         [ 4]  141 	call	_i2c_stop
                                    142 ;	../../lib/i2c.c: 36: while (!(I2C_SR1 & (1 << I2C_SR1_RXNE)));
      00004F                        143 00101$:
      00004F C6 52 17         [ 1]  144 	ld	a, 0x5217
      000052 A5 40            [ 1]  145 	bcp	a, #0x40
      000054 27 F9            [ 1]  146 	jreq	00101$
                                    147 ;	../../lib/i2c.c: 37: return I2C_DR;
      000056 C6 52 16         [ 1]  148 	ld	a, 0x5216
                                    149 ;	../../lib/i2c.c: 38: }
      000059 81               [ 4]  150 	ret
                                    151 ;	../../lib/i2c.c: 40: void i2c_read_arr(uint8_t *buf, int len) {
                                    152 ;	-----------------------------------------
                                    153 ;	 function i2c_read_arr
                                    154 ;	-----------------------------------------
      00005A                        155 _i2c_read_arr:
                                    156 ;	../../lib/i2c.c: 41: while (len-- > 1) {
      00005A                        157 00104$:
      00005A 16 05            [ 2]  158 	ldw	y, (0x05, sp)
      00005C 93               [ 1]  159 	ldw	x, y
      00005D 5A               [ 2]  160 	decw	x
      00005E 1F 05            [ 2]  161 	ldw	(0x05, sp), x
                                    162 ;	../../lib/i2c.c: 44: *(buf++) = I2C_DR;
      000060 1E 03            [ 2]  163 	ldw	x, (0x03, sp)
                                    164 ;	../../lib/i2c.c: 41: while (len-- > 1) {
      000062 90 A3 00 01      [ 2]  165 	cpw	y, #0x0001
      000066 2D 14            [ 1]  166 	jrsle	00106$
                                    167 ;	../../lib/i2c.c: 42: I2C_CR2 |= (1 << I2C_CR2_ACK);
      000068 72 14 52 11      [ 1]  168 	bset	21009, #2
                                    169 ;	../../lib/i2c.c: 43: while (!(I2C_SR1 & (1 << I2C_SR1_RXNE)));
      00006C                        170 00101$:
      00006C C6 52 17         [ 1]  171 	ld	a, 0x5217
      00006F A5 40            [ 1]  172 	bcp	a, #0x40
      000071 27 F9            [ 1]  173 	jreq	00101$
                                    174 ;	../../lib/i2c.c: 44: *(buf++) = I2C_DR;
      000073 C6 52 16         [ 1]  175 	ld	a, 0x5216
      000076 F7               [ 1]  176 	ld	(x), a
      000077 5C               [ 1]  177 	incw	x
      000078 1F 03            [ 2]  178 	ldw	(0x03, sp), x
      00007A 20 DE            [ 2]  179 	jra	00104$
      00007C                        180 00106$:
                                    181 ;	../../lib/i2c.c: 46: *buf = i2c_read();
      00007C 89               [ 2]  182 	pushw	x
      00007D CDr00r48         [ 4]  183 	call	_i2c_read
      000080 85               [ 2]  184 	popw	x
      000081 F7               [ 1]  185 	ld	(x), a
                                    186 ;	../../lib/i2c.c: 47: }
      000082 81               [ 4]  187 	ret
                                    188 	.area CODE
                                    189 	.area CONST
                                    190 	.area INITIALIZER
                                    191 	.area CABS (ABS)
